<?xml version="1.0" encoding="UTF-8"?>
<coverage generated="1589489795352" clover="3.2.0">
  <project timestamp="1589489795352" name="All files">
    <metrics statements="72" coveredstatements="72" conditionals="19" coveredconditionals="16" methods="21" coveredmethods="21" elements="112" coveredelements="109" complexity="0" loc="72" ncloc="72" packages="4" files="11" classes="11"/>
    <package name="IS219_Project1">
      <metrics statements="44" coveredstatements="44" conditionals="16" coveredconditionals="13" methods="16" coveredmethods="16"/>
      <file name="addition.js" path="C:\Users\steph\OneDrive\Desktop\IS219_Project1\addition.js">
        <metrics statements="7" coveredstatements="7" conditionals="4" coveredconditionals="3" methods="2" coveredmethods="2"/>
        <line num="3" count="10" type="stmt"/>
        <line num="4" count="10" type="cond" truecount="2" falsecount="0"/>
        <line num="5" count="2" type="stmt"/>
        <line num="6" count="6" type="stmt"/>
        <line num="10" count="8" type="stmt"/>
        <line num="12" count="10" type="stmt"/>
        <line num="15" count="3" type="stmt"/>
      </file>
      <file name="calc.js" path="C:\Users\steph\OneDrive\Desktop\IS219_Project1\calc.js">
        <metrics statements="8" coveredstatements="8" conditionals="4" coveredconditionals="3" methods="4" coveredmethods="4"/>
        <line num="1" count="2" type="stmt"/>
        <line num="5" count="3" type="cond" truecount="2" falsecount="0"/>
        <line num="6" count="2" type="stmt"/>
        <line num="9" count="1" type="stmt"/>
        <line num="13" count="2" type="stmt"/>
        <line num="16" count="1" type="stmt"/>
        <line num="19" count="1" type="stmt"/>
        <line num="22" count="2" type="stmt"/>
      </file>
      <file name="divide.js" path="C:\Users\steph\OneDrive\Desktop\IS219_Project1\divide.js">
        <metrics statements="2" coveredstatements="2" conditionals="0" coveredconditionals="0" methods="1" coveredmethods="1"/>
        <line num="2" count="3" type="stmt"/>
        <line num="4" count="3" type="stmt"/>
      </file>
      <file name="mathOps.js" path="C:\Users\steph\OneDrive\Desktop\IS219_Project1\mathOps.js">
        <metrics statements="11" coveredstatements="11" conditionals="4" coveredconditionals="3" methods="4" coveredmethods="4"/>
        <line num="1" count="2" type="stmt"/>
        <line num="2" count="2" type="stmt"/>
        <line num="3" count="2" type="stmt"/>
        <line num="4" count="2" type="stmt"/>
        <line num="8" count="3" type="cond" truecount="2" falsecount="0"/>
        <line num="9" count="2" type="stmt"/>
        <line num="11" count="1" type="stmt"/>
        <line num="15" count="1" type="stmt"/>
        <line num="18" count="2" type="stmt"/>
        <line num="21" count="1" type="stmt"/>
        <line num="25" count="2" type="stmt"/>
      </file>
      <file name="mult.js" path="C:\Users\steph\OneDrive\Desktop\IS219_Project1\mult.js">
        <metrics statements="2" coveredstatements="2" conditionals="0" coveredconditionals="0" methods="1" coveredmethods="1"/>
        <line num="2" count="2" type="stmt"/>
        <line num="4" count="3" type="stmt"/>
      </file>
      <file name="sanitization.js" path="C:\Users\steph\OneDrive\Desktop\IS219_Project1\sanitization.js">
        <metrics statements="6" coveredstatements="6" conditionals="4" coveredconditionals="4" methods="1" coveredmethods="1"/>
        <line num="3" count="2" type="stmt"/>
        <line num="4" count="2" type="cond" truecount="4" falsecount="0"/>
        <line num="5" count="1" type="stmt"/>
        <line num="7" count="1" type="stmt"/>
        <line num="9" count="1" type="stmt"/>
        <line num="13" count="1" type="stmt"/>
      </file>
      <file name="stats.js" path="C:\Users\steph\OneDrive\Desktop\IS219_Project1\stats.js">
        <metrics statements="6" coveredstatements="6" conditionals="0" coveredconditionals="0" methods="2" coveredmethods="2"/>
        <line num="1" count="1" type="stmt"/>
        <line num="5" count="1" type="stmt"/>
        <line num="8" count="1" type="stmt"/>
        <line num="9" count="1" type="stmt"/>
        <line num="10" count="1" type="stmt"/>
        <line num="14" count="1" type="stmt"/>
      </file>
      <file name="subtraction.js" path="C:\Users\steph\OneDrive\Desktop\IS219_Project1\subtraction.js">
        <metrics statements="2" coveredstatements="2" conditionals="0" coveredconditionals="0" methods="1" coveredmethods="1"/>
        <line num="3" count="1" type="stmt"/>
        <line num="6" count="2" type="stmt"/>
      </file>
    </package>
    <package name="IS219_Project1.csv">
      <metrics statements="12" coveredstatements="12" conditionals="0" coveredconditionals="0" methods="2" coveredmethods="2"/>
      <file name="Read.js" path="C:\Users\steph\OneDrive\Desktop\IS219_Project1\csv\Read.js">
        <metrics statements="12" coveredstatements="12" conditionals="0" coveredconditionals="0" methods="2" coveredmethods="2"/>
        <line num="1" count="1" type="stmt"/>
        <line num="3" count="1" type="stmt"/>
        <line num="4" count="1" type="stmt"/>
        <line num="5" count="1" type="stmt"/>
        <line num="6" count="1" type="stmt"/>
        <line num="7" count="1" type="stmt"/>
        <line num="13" count="1" type="stmt"/>
        <line num="14" count="1" type="stmt"/>
        <line num="15" count="1" type="stmt"/>
        <line num="16" count="1" type="stmt"/>
        <line num="17" count="6" type="stmt"/>
        <line num="20" count="1" type="stmt"/>
      </file>
    </package>
    <package name="IS219_Project1.fileOps">
      <metrics statements="4" coveredstatements="4" conditionals="0" coveredconditionals="0" methods="1" coveredmethods="1"/>
      <file name="File.js" path="C:\Users\steph\OneDrive\Desktop\IS219_Project1\fileOps\File.js">
        <metrics statements="4" coveredstatements="4" conditionals="0" coveredconditionals="0" methods="1" coveredmethods="1"/>
        <line num="1" count="2" type="stmt"/>
        <line num="4" count="2" type="stmt"/>
        <line num="5" count="2" type="stmt"/>
        <line num="6" count="2" type="stmt"/>
      </file>
    </package>
    <package name="IS219_Project1.models">
      <metrics statements="12" coveredstatements="12" conditionals="3" coveredconditionals="3" methods="2" coveredmethods="2"/>
      <file name="City.js" path="C:\Users\steph\OneDrive\Desktop\IS219_Project1\models\City.js">
        <metrics statements="12" coveredstatements="12" conditionals="3" coveredconditionals="3" methods="2" coveredmethods="2"/>
        <line num="1" count="2" type="stmt"/>
        <line num="3" count="8" type="cond" truecount="2" falsecount="0"/>
        <line num="4" count="6" type="stmt"/>
        <line num="5" count="6" type="stmt"/>
        <line num="6" count="6" type="stmt"/>
        <line num="7" count="6" type="stmt"/>
        <line num="8" count="6" type="stmt"/>
        <line num="9" count="6" type="stmt"/>
        <line num="10" count="6" type="stmt"/>
        <line num="11" count="6" type="stmt"/>
        <line num="12" count="6" type="stmt"/>
        <line num="18" count="7" type="stmt"/>
      </file>
    </package>
  </project>
</coverage>
