{"C:\\Users\\steph\\OneDrive\\Desktop\\IS219_Project1\\add.js": {"path":"C:\\Users\\steph\\OneDrive\\Desktop\\IS219_Project1\\add.js","statementMap":{"0":{"start":{"line":3,"column":21},"end":{"line":3,"column":22}},"1":{"start":{"line":4,"column":8},"end":{"line":11,"column":9}},"2":{"start":{"line":5,"column":12},"end":{"line":7,"column":15}},"3":{"start":{"line":6,"column":16},"end":{"line":6,"column":47}},"4":{"start":{"line":10,"column":12},"end":{"line":10,"column":27}},"5":{"start":{"line":12,"column":8},"end":{"line":12,"column":22}},"6":{"start":{"line":15,"column":0},"end":{"line":15,"column":21}}},"fnMap":{"0":{"name":"(anonymous_0)","decl":{"start":{"line":2,"column":4},"end":{"line":2,"column":5}},"loc":{"start":{"line":2,"column":35},"end":{"line":13,"column":5}},"line":2},"1":{"name":"(anonymous_1)","decl":{"start":{"line":5,"column":22},"end":{"line":5,"column":23}},"loc":{"start":{"line":5,"column":38},"end":{"line":7,"column":13}},"line":5}},"branchMap":{"0":{"loc":{"start":{"line":2,"column":15},"end":{"line":2,"column":23}},"type":"default-arg","locations":[{"start":{"line":2,"column":19},"end":{"line":2,"column":23}}],"line":2},"1":{"loc":{"start":{"line":2,"column":25},"end":{"line":2,"column":33}},"type":"default-arg","locations":[{"start":{"line":2,"column":29},"end":{"line":2,"column":33}}],"line":2},"2":{"loc":{"start":{"line":4,"column":8},"end":{"line":11,"column":9}},"type":"if","locations":[{"start":{"line":4,"column":8},"end":{"line":11,"column":9}},{"start":{"line":4,"column":8},"end":{"line":11,"column":9}}],"line":4}},"s":{"0":1,"1":1,"2":0,"3":0,"4":1,"5":1,"6":3},"f":{"0":1,"1":0},"b":{"0":[0],"1":[0],"2":[0,1]},"_coverageSchema":"1a1c01bbd47fc00a2c39e90264f33305004495a9","hash":"56ed7f31d873297f0d69cf4545858c5c4855e9bc"}
,"C:\\Users\\steph\\OneDrive\\Desktop\\IS219_Project1\\calc.js": {"path":"C:\\Users\\steph\\OneDrive\\Desktop\\IS219_Project1\\calc.js","statementMap":{"0":{"start":{"line":1,"column":23},"end":{"line":1,"column":43}},"1":{"start":{"line":5,"column":8},"end":{"line":10,"column":9}},"2":{"start":{"line":6,"column":12},"end":{"line":6,"column":55}},"3":{"start":{"line":9,"column":12},"end":{"line":9,"column":58}},"4":{"start":{"line":13,"column":8},"end":{"line":13,"column":58}},"5":{"start":{"line":16,"column":8},"end":{"line":16,"column":57}},"6":{"start":{"line":19,"column":8},"end":{"line":19,"column":60}},"7":{"start":{"line":22,"column":0},"end":{"line":22,"column":28}}},"fnMap":{"0":{"name":"(anonymous_0)","decl":{"start":{"line":4,"column":4},"end":{"line":4,"column":5}},"loc":{"start":{"line":4,"column":28},"end":{"line":11,"column":5}},"line":4},"1":{"name":"(anonymous_1)","decl":{"start":{"line":12,"column":4},"end":{"line":12,"column":5}},"loc":{"start":{"line":12,"column":16},"end":{"line":14,"column":5}},"line":12},"2":{"name":"(anonymous_2)","decl":{"start":{"line":15,"column":4},"end":{"line":15,"column":5}},"loc":{"start":{"line":15,"column":18},"end":{"line":17,"column":5}},"line":15},"3":{"name":"(anonymous_3)","decl":{"start":{"line":18,"column":4},"end":{"line":18,"column":5}},"loc":{"start":{"line":18,"column":20},"end":{"line":20,"column":5}},"line":18}},"branchMap":{"0":{"loc":{"start":{"line":4,"column":8},"end":{"line":4,"column":16}},"type":"default-arg","locations":[{"start":{"line":4,"column":12},"end":{"line":4,"column":16}}],"line":4},"1":{"loc":{"start":{"line":4,"column":18},"end":{"line":4,"column":26}},"type":"default-arg","locations":[{"start":{"line":4,"column":22},"end":{"line":4,"column":26}}],"line":4},"2":{"loc":{"start":{"line":5,"column":8},"end":{"line":10,"column":9}},"type":"if","locations":[{"start":{"line":5,"column":8},"end":{"line":10,"column":9}},{"start":{"line":5,"column":8},"end":{"line":10,"column":9}}],"line":5}},"s":{"0":2,"1":3,"2":2,"3":1,"4":1,"5":1,"6":1,"7":2},"f":{"0":3,"1":1,"2":1,"3":1},"b":{"0":[0],"1":[2],"2":[2,1]},"_coverageSchema":"1a1c01bbd47fc00a2c39e90264f33305004495a9","hash":"6fe36255b8b306fb7e78f995bab7cfcda88ffdd9"}
,"C:\\Users\\steph\\OneDrive\\Desktop\\IS219_Project1\\divide.js": {"path":"C:\\Users\\steph\\OneDrive\\Desktop\\IS219_Project1\\divide.js","statementMap":{"0":{"start":{"line":2,"column":4},"end":{"line":2,"column":17}},"1":{"start":{"line":4,"column":0},"end":{"line":4,"column":24}}},"fnMap":{"0":{"name":"divide","decl":{"start":{"line":1,"column":9},"end":{"line":1,"column":15}},"loc":{"start":{"line":1,"column":22},"end":{"line":3,"column":1}},"line":1}},"branchMap":{},"s":{"0":2,"1":3},"f":{"0":2},"b":{},"_coverageSchema":"1a1c01bbd47fc00a2c39e90264f33305004495a9","hash":"71660817bf4fca8b8cfe3d760fd06873e8a506c6"}
,"C:\\Users\\steph\\OneDrive\\Desktop\\IS219_Project1\\mathOps.js": {"path":"C:\\Users\\steph\\OneDrive\\Desktop\\IS219_Project1\\mathOps.js","statementMap":{"0":{"start":{"line":1,"column":12},"end":{"line":1,"column":28}},"1":{"start":{"line":2,"column":13},"end":{"line":2,"column":30}},"2":{"start":{"line":3,"column":15},"end":{"line":3,"column":34}},"3":{"start":{"line":4,"column":19},"end":{"line":4,"column":35}},"4":{"start":{"line":8,"column":8},"end":{"line":12,"column":9}},"5":{"start":{"line":9,"column":12},"end":{"line":9,"column":35}},"6":{"start":{"line":11,"column":12},"end":{"line":11,"column":37}},"7":{"start":{"line":15,"column":8},"end":{"line":15,"column":29}},"8":{"start":{"line":18,"column":8},"end":{"line":18,"column":27}},"9":{"start":{"line":21,"column":8},"end":{"line":21,"column":42}},"10":{"start":{"line":25,"column":0},"end":{"line":25,"column":32}}},"fnMap":{"0":{"name":"(anonymous_0)","decl":{"start":{"line":7,"column":4},"end":{"line":7,"column":5}},"loc":{"start":{"line":7,"column":35},"end":{"line":13,"column":5}},"line":7},"1":{"name":"(anonymous_1)","decl":{"start":{"line":14,"column":4},"end":{"line":14,"column":5}},"loc":{"start":{"line":14,"column":24},"end":{"line":16,"column":5}},"line":14},"2":{"name":"(anonymous_2)","decl":{"start":{"line":17,"column":4},"end":{"line":17,"column":5}},"loc":{"start":{"line":17,"column":25},"end":{"line":19,"column":5}},"line":17},"3":{"name":"(anonymous_3)","decl":{"start":{"line":20,"column":4},"end":{"line":20,"column":5}},"loc":{"start":{"line":20,"column":27},"end":{"line":22,"column":5}},"line":20}},"branchMap":{"0":{"loc":{"start":{"line":7,"column":15},"end":{"line":7,"column":23}},"type":"default-arg","locations":[{"start":{"line":7,"column":19},"end":{"line":7,"column":23}}],"line":7},"1":{"loc":{"start":{"line":7,"column":25},"end":{"line":7,"column":33}},"type":"default-arg","locations":[{"start":{"line":7,"column":29},"end":{"line":7,"column":33}}],"line":7},"2":{"loc":{"start":{"line":8,"column":8},"end":{"line":12,"column":9}},"type":"if","locations":[{"start":{"line":8,"column":8},"end":{"line":12,"column":9}},{"start":{"line":8,"column":8},"end":{"line":12,"column":9}}],"line":8}},"s":{"0":2,"1":2,"2":2,"3":2,"4":3,"5":2,"6":1,"7":1,"8":1,"9":1,"10":2},"f":{"0":3,"1":1,"2":1,"3":1},"b":{"0":[0],"1":[2],"2":[2,1]},"_coverageSchema":"1a1c01bbd47fc00a2c39e90264f33305004495a9","hash":"0534d79c89ec08529ac92ef88cdb742836e693c7"}
,"C:\\Users\\steph\\OneDrive\\Desktop\\IS219_Project1\\mult.js": {"path":"C:\\Users\\steph\\OneDrive\\Desktop\\IS219_Project1\\mult.js","statementMap":{"0":{"start":{"line":2,"column":4},"end":{"line":2,"column":17}},"1":{"start":{"line":4,"column":0},"end":{"line":4,"column":22}}},"fnMap":{"0":{"name":"mult","decl":{"start":{"line":1,"column":9},"end":{"line":1,"column":13}},"loc":{"start":{"line":1,"column":20},"end":{"line":3,"column":1}},"line":1}},"branchMap":{},"s":{"0":1,"1":3},"f":{"0":1},"b":{},"_coverageSchema":"1a1c01bbd47fc00a2c39e90264f33305004495a9","hash":"adff163591af6e0c59258f139457299d6d1b5125"}
,"C:\\Users\\steph\\OneDrive\\Desktop\\IS219_Project1\\sanitization.js": {"path":"C:\\Users\\steph\\OneDrive\\Desktop\\IS219_Project1\\sanitization.js","statementMap":{"0":{"start":{"line":3,"column":20},"end":{"line":3,"column":24}},"1":{"start":{"line":4,"column":8},"end":{"line":8,"column":9}},"2":{"start":{"line":5,"column":12},"end":{"line":5,"column":50}},"3":{"start":{"line":7,"column":12},"end":{"line":7,"column":26}},"4":{"start":{"line":9,"column":12},"end":{"line":9,"column":25}},"5":{"start":{"line":13,"column":0},"end":{"line":13,"column":30}}},"fnMap":{"0":{"name":"(anonymous_0)","decl":{"start":{"line":2,"column":4},"end":{"line":2,"column":5}},"loc":{"start":{"line":2,"column":28},"end":{"line":10,"column":5}},"line":2}},"branchMap":{"0":{"loc":{"start":{"line":4,"column":8},"end":{"line":8,"column":9}},"type":"if","locations":[{"start":{"line":4,"column":8},"end":{"line":8,"column":9}},{"start":{"line":4,"column":8},"end":{"line":8,"column":9}}],"line":4},"1":{"loc":{"start":{"line":4,"column":12},"end":{"line":4,"column":56}},"type":"binary-expr","locations":[{"start":{"line":4,"column":12},"end":{"line":4,"column":33}},{"start":{"line":4,"column":37},"end":{"line":4,"column":56}}],"line":4}},"s":{"0":2,"1":2,"2":1,"3":1,"4":1,"5":1},"f":{"0":2},"b":{"0":[1,1],"1":[2,1]},"_coverageSchema":"1a1c01bbd47fc00a2c39e90264f33305004495a9","hash":"2a991cddff46c0f97e98850430f498c5913e03c2"}
,"C:\\Users\\steph\\OneDrive\\Desktop\\IS219_Project1\\stats.js": {"path":"C:\\Users\\steph\\OneDrive\\Desktop\\IS219_Project1\\stats.js","statementMap":{"0":{"start":{"line":1,"column":19},"end":{"line":1,"column":36}},"1":{"start":{"line":5,"column":8},"end":{"line":5,"column":36}},"2":{"start":{"line":8,"column":18},"end":{"line":8,"column":34}},"3":{"start":{"line":9,"column":24},"end":{"line":9,"column":37}},"4":{"start":{"line":10,"column":8},"end":{"line":10,"column":42}},"5":{"start":{"line":14,"column":0},"end":{"line":14,"column":23}}},"fnMap":{"0":{"name":"(anonymous_0)","decl":{"start":{"line":4,"column":4},"end":{"line":4,"column":5}},"loc":{"start":{"line":4,"column":18},"end":{"line":6,"column":5}},"line":4},"1":{"name":"(anonymous_1)","decl":{"start":{"line":7,"column":4},"end":{"line":7,"column":5}},"loc":{"start":{"line":7,"column":17},"end":{"line":11,"column":5}},"line":7}},"branchMap":{},"s":{"0":1,"1":1,"2":1,"3":0,"4":0,"5":1},"f":{"0":1,"1":1},"b":{},"_coverageSchema":"1a1c01bbd47fc00a2c39e90264f33305004495a9","hash":"88e6bbd903710bfc5c9647ed2a0c62302ee85175"}
,"C:\\Users\\steph\\OneDrive\\Desktop\\IS219_Project1\\sub.js": {"path":"C:\\Users\\steph\\OneDrive\\Desktop\\IS219_Project1\\sub.js","statementMap":{"0":{"start":{"line":3,"column":8},"end":{"line":3,"column":21}},"1":{"start":{"line":6,"column":0},"end":{"line":6,"column":21}}},"fnMap":{"0":{"name":"(anonymous_0)","decl":{"start":{"line":2,"column":4},"end":{"line":2,"column":5}},"loc":{"start":{"line":2,"column":28},"end":{"line":4,"column":5}},"line":2}},"branchMap":{},"s":{"0":1,"1":2},"f":{"0":1},"b":{},"_coverageSchema":"1a1c01bbd47fc00a2c39e90264f33305004495a9","hash":"33d278724c15a372fc6b4afeb3fd37dc12dcc3de"}
,"C:\\Users\\steph\\OneDrive\\Desktop\\IS219_Project1\\csv\\read.js": {"path":"C:\\Users\\steph\\OneDrive\\Desktop\\IS219_Project1\\csv\\read.js","statementMap":{"0":{"start":{"line":1,"column":0},"end":{"line":24,"column":1}},"1":{"start":{"line":3,"column":21},"end":{"line":3,"column":47}},"2":{"start":{"line":4,"column":19},"end":{"line":4,"column":32}},"3":{"start":{"line":5,"column":22},"end":{"line":5,"column":51}},"4":{"start":{"line":6,"column":27},"end":{"line":6,"column":57}},"5":{"start":{"line":7,"column":24},"end":{"line":12,"column":9}},"6":{"start":{"line":13,"column":27},"end":{"line":13,"column":56}},"7":{"start":{"line":14,"column":24},"end":{"line":14,"column":52}},"8":{"start":{"line":15,"column":19},"end":{"line":15,"column":26}},"9":{"start":{"line":16,"column":8},"end":{"line":18,"column":10}},"10":{"start":{"line":17,"column":12},"end":{"line":17,"column":42}},"11":{"start":{"line":20,"column":8},"end":{"line":20,"column":20}}},"fnMap":{"0":{"name":"(anonymous_0)","decl":{"start":{"line":2,"column":4},"end":{"line":2,"column":5}},"loc":{"start":{"line":2,"column":39},"end":{"line":22,"column":5}},"line":2},"1":{"name":"(anonymous_1)","decl":{"start":{"line":16,"column":24},"end":{"line":16,"column":25}},"loc":{"start":{"line":16,"column":40},"end":{"line":18,"column":9}},"line":16}},"branchMap":{},"s":{"0":1,"1":1,"2":1,"3":1,"4":1,"5":1,"6":1,"7":1,"8":1,"9":1,"10":1,"11":0},"f":{"0":1,"1":1},"b":{},"_coverageSchema":"1a1c01bbd47fc00a2c39e90264f33305004495a9","hash":"6d63194de4182141a3b73e39c4b9484958822029"}
,"C:\\Users\\steph\\OneDrive\\Desktop\\IS219_Project1\\fileOps\\file.js": {"path":"C:\\Users\\steph\\OneDrive\\Desktop\\IS219_Project1\\fileOps\\file.js","statementMap":{"0":{"start":{"line":1,"column":0},"end":{"line":9,"column":1}},"1":{"start":{"line":4,"column":21},"end":{"line":4,"column":36}},"2":{"start":{"line":5,"column":23},"end":{"line":5,"column":45}},"3":{"start":{"line":6,"column":8},"end":{"line":6,"column":24}}},"fnMap":{"0":{"name":"(anonymous_0)","decl":{"start":{"line":3,"column":4},"end":{"line":3,"column":5}},"loc":{"start":{"line":3,"column":37},"end":{"line":7,"column":5}},"line":3}},"branchMap":{},"s":{"0":2,"1":2,"2":2,"3":2},"f":{"0":2},"b":{},"_coverageSchema":"1a1c01bbd47fc00a2c39e90264f33305004495a9","hash":"1387da854a47a5ea8eac17dcece4a3808379fe96"}
,"C:\\Users\\steph\\OneDrive\\Desktop\\IS219_Project1\\models\\city.js": {"path":"C:\\Users\\steph\\OneDrive\\Desktop\\IS219_Project1\\models\\city.js","statementMap":{"0":{"start":{"line":1,"column":0},"end":{"line":9,"column":1}},"1":{"start":{"line":4,"column":21},"end":{"line":4,"column":36}},"2":{"start":{"line":5,"column":23},"end":{"line":5,"column":45}},"3":{"start":{"line":6,"column":8},"end":{"line":6,"column":24}}},"fnMap":{"0":{"name":"(anonymous_0)","decl":{"start":{"line":3,"column":4},"end":{"line":3,"column":5}},"loc":{"start":{"line":3,"column":37},"end":{"line":7,"column":5}},"line":3}},"branchMap":{},"s":{"0":2,"1":0,"2":0,"3":0},"f":{"0":0},"b":{},"_coverageSchema":"1a1c01bbd47fc00a2c39e90264f33305004495a9","hash":"f1d9de4fd63a23b2fc37eb87b9563bb8dc6a6653"}
}
