TN:
SF:add.js
FN:2,(anonymous_0)
FN:5,(anonymous_1)
FNF:2
FNH:1
FNDA:1,(anonymous_0)
FNDA:0,(anonymous_1)
DA:3,1
DA:4,1
DA:5,0
DA:6,0
DA:10,1
DA:12,1
DA:15,3
LF:7
LH:5
BRDA:2,0,0,0
BRDA:2,1,0,0
BRDA:4,2,0,0
BRDA:4,2,1,1
BRF:4
BRH:1
end_of_record
TN:
SF:calc.js
FN:4,(anonymous_0)
FN:12,(anonymous_1)
FN:15,(anonymous_2)
FN:18,(anonymous_3)
FNF:4
FNH:4
FNDA:3,(anonymous_0)
FNDA:1,(anonymous_1)
FNDA:1,(anonymous_2)
FNDA:1,(anonymous_3)
DA:1,2
DA:5,3
DA:6,2
DA:9,1
DA:13,1
DA:16,1
DA:19,1
DA:22,2
LF:8
LH:8
BRDA:4,0,0,0
BRDA:4,1,0,2
BRDA:5,2,0,2
BRDA:5,2,1,1
BRF:4
BRH:3
end_of_record
TN:
SF:divide.js
FN:1,divide
FNF:1
FNH:1
FNDA:2,divide
DA:2,2
DA:4,3
LF:2
LH:2
BRF:0
BRH:0
end_of_record
TN:
SF:mathOps.js
FN:7,(anonymous_0)
FN:14,(anonymous_1)
FN:17,(anonymous_2)
FN:20,(anonymous_3)
FNF:4
FNH:4
FNDA:3,(anonymous_0)
FNDA:1,(anonymous_1)
FNDA:1,(anonymous_2)
FNDA:1,(anonymous_3)
DA:1,2
DA:2,2
DA:3,2
DA:4,2
DA:8,3
DA:9,2
DA:11,1
DA:15,1
DA:18,1
DA:21,1
DA:25,2
LF:11
LH:11
BRDA:7,0,0,0
BRDA:7,1,0,2
BRDA:8,2,0,2
BRDA:8,2,1,1
BRF:4
BRH:3
end_of_record
TN:
SF:mult.js
FN:1,mult
FNF:1
FNH:1
FNDA:1,mult
DA:2,1
DA:4,3
LF:2
LH:2
BRF:0
BRH:0
end_of_record
TN:
SF:sanitization.js
FN:2,(anonymous_0)
FNF:1
FNH:1
FNDA:2,(anonymous_0)
DA:3,2
DA:4,2
DA:5,1
DA:7,1
DA:9,1
DA:13,1
LF:6
LH:6
BRDA:4,0,0,1
BRDA:4,0,1,1
BRDA:4,1,0,2
BRDA:4,1,1,1
BRF:4
BRH:4
end_of_record
TN:
SF:stats.js
FN:4,(anonymous_0)
FN:7,(anonymous_1)
FNF:2
FNH:2
FNDA:1,(anonymous_0)
FNDA:1,(anonymous_1)
DA:1,1
DA:5,1
DA:8,1
DA:9,0
DA:10,0
DA:14,1
LF:6
LH:4
BRF:0
BRH:0
end_of_record
TN:
SF:sub.js
FN:2,(anonymous_0)
FNF:1
FNH:1
FNDA:1,(anonymous_0)
DA:3,1
DA:6,2
LF:2
LH:2
BRF:0
BRH:0
end_of_record
TN:
SF:csv\read.js
FN:2,(anonymous_0)
FN:16,(anonymous_1)
FNF:2
FNH:2
FNDA:1,(anonymous_0)
FNDA:1,(anonymous_1)
DA:1,1
DA:3,1
DA:4,1
DA:5,1
DA:6,1
DA:7,1
DA:13,1
DA:14,1
DA:15,1
DA:16,1
DA:17,1
DA:20,0
LF:12
LH:11
BRF:0
BRH:0
end_of_record
TN:
SF:fileOps\file.js
FN:3,(anonymous_0)
FNF:1
FNH:1
FNDA:2,(anonymous_0)
DA:1,2
DA:4,2
DA:5,2
DA:6,2
LF:4
LH:4
BRF:0
BRH:0
end_of_record
TN:
SF:models\city.js
FN:3,(anonymous_0)
FNF:1
FNH:0
FNDA:0,(anonymous_0)
DA:1,2
DA:4,0
DA:5,0
DA:6,0
LF:4
LH:1
BRF:0
BRH:0
end_of_record
